{"numTotalTestSuites":5,"numPassedTestSuites":2,"numFailedTestSuites":3,"numPendingTestSuites":0,"numTotalTests":5,"numPassedTests":0,"numFailedTests":1,"numPendingTests":4,"numTodoTests":0,"snapshot":{"added":0,"failure":false,"filesAdded":0,"filesRemoved":0,"filesRemovedList":[],"filesUnmatched":0,"filesUpdated":0,"matched":0,"total":0,"unchecked":0,"uncheckedKeysByFile":[],"unmatched":0,"updated":0,"didUpdate":false},"startTime":1772426297127,"success":false,"testResults":[{"assertionResults":[{"ancestorTitles":["CSV Import Module","POST /api/import/customers"],"fullName":"CSV Import Module POST /api/import/customers should successfully import valid customers and return structured validation errors for bad rows","status":"skipped","title":"should successfully import valid customers and return structured validation errors for bad rows","failureMessages":[],"meta":{}},{"ancestorTitles":["CSV Import Module","POST /api/import/customers"],"fullName":"CSV Import Module POST /api/import/customers should enforce max 5MB file upload limit","status":"skipped","title":"should enforce max 5MB file upload limit","failureMessages":[],"meta":{}},{"ancestorTitles":["CSV Import Module","POST /api/import/customers"],"fullName":"CSV Import Module POST /api/import/customers should require ADMIN role to import","status":"skipped","title":"should require ADMIN role to import","failureMessages":[],"meta":{}},{"ancestorTitles":["CSV Import Module","POST /api/import/services"],"fullName":"CSV Import Module POST /api/import/services should map numeric columns and defaults appropriately","status":"failed","title":"should map numeric columns and defaults appropriately","duration":102.30090000000018,"failureMessages":["AssertionError: expected 0 to be +0 // Object.is equality\n    at D:/realworkstudio/bookease/apps/api/tests/import.test.ts:130:38\n    at processTicksAndRejections (node:internal/process/task_queues:105:5)\n    at file:///D:/realworkstudio/bookease/node_modules/.pnpm/@vitest+runner@4.0.18/node_modules/@vitest/runner/dist/index.js:915:20"],"meta":{}},{"ancestorTitles":["CSV Import Module","POST /api/import/staff"],"fullName":"CSV Import Module POST /api/import/staff should parse assignedServices logic dynamically","status":"skipped","title":"should parse assignedServices logic dynamically","failureMessages":[],"meta":{}}],"startTime":1772426304629,"endTime":1772426304731.3008,"status":"failed","message":"","name":"D:/realworkstudio/bookease/apps/api/tests/import.test.ts"}]}
