{"numTotalTestSuites":4,"numPassedTestSuites":1,"numFailedTestSuites":3,"numPendingTestSuites":0,"numTotalTests":5,"numPassedTests":0,"numFailedTests":1,"numPendingTests":4,"numTodoTests":0,"snapshot":{"added":0,"failure":false,"filesAdded":0,"filesRemoved":0,"filesRemovedList":[],"filesUnmatched":0,"filesUpdated":0,"matched":0,"total":0,"unchecked":0,"uncheckedKeysByFile":[],"unmatched":0,"updated":0,"didUpdate":false},"startTime":1772381940459,"success":false,"testResults":[{"assertionResults":[{"ancestorTitles":["Reports & Archival Modules","Reports API"],"fullName":"Reports & Archival Modules Reports API should block non-admins from reports","status":"skipped","title":"should block non-admins from reports","failureMessages":[],"meta":{}},{"ancestorTitles":["Reports & Archival Modules","Reports API"],"fullName":"Reports & Archival Modules Reports API should return summary for admin","status":"skipped","title":"should return summary for admin","failureMessages":[],"meta":{}},{"ancestorTitles":["Reports & Archival Modules","Reports API"],"fullName":"Reports & Archival Modules Reports API should return export csv","status":"skipped","title":"should return export csv","failureMessages":[],"meta":{}},{"ancestorTitles":["Reports & Archival Modules","Archival Job"],"fullName":"Reports & Archival Modules Archival Job should move appointments older than 12 months to archive","status":"skipped","title":"should move appointments older than 12 months to archive","failureMessages":[],"meta":{}},{"ancestorTitles":["Reports & Archival Modules","Archival Job"],"fullName":"Reports & Archival Modules Archival Job should allow querying archives via API","status":"failed","title":"should allow querying archives via API","duration":294.1350999999995,"failureMessages":["AssertionError: expected 4 to be 3 // Object.is equality\n    at D:/realworkstudio/bookease/apps/api/tests/report.test.ts:196:37\n    at processTicksAndRejections (node:internal/process/task_queues:105:5)\n    at file:///D:/realworkstudio/bookease/node_modules/.pnpm/@vitest+runner@4.0.18/node_modules/@vitest/runner/dist/index.js:915:20"],"meta":{}}],"startTime":1772381951520,"endTime":1772381951814.135,"status":"failed","message":"","name":"D:/realworkstudio/bookease/apps/api/tests/report.test.ts"}]}
